<?xml version="1.0" encoding="UTF-8"?>
<!-- Generated by org.testng.reporters.JUnitReportReporter -->
<testsuite skipped="0" hostname="LK-KAN" name="TestClasses.LoginTest" tests="1" failures="0" timestamp="13 Nov 2020 09:11:28 GMT" time="7.839" errors="0">
  <testcase name="test" time="7.839" classname="TestClasses.LoginTest"/>
</testsuite> <!-- TestClasses.LoginTest -->
